<?xml version="1.0" encoding="UTF-8"?>
<!-- Generated by org.testng.reporters.JUnitXMLReporter -->
<testsuite ignored="0" hostname="QSP" failures="1" tests="3" name="Test" time="61.167" errors="0" timestamp="2021-11-10T16:39:44 IST">
  <testcase classname="testng.Testcase1" name="tc1" time="3.544">
    <failure type="java.lang.AssertionError" message="The following asserts failed:
	expected [7t8yhuigyiygi] but found [Facebook – log in or sign up]">
      <![CDATA[java.lang.AssertionError: The following asserts failed:
expected [7t8yhuigyiygi] but found [Facebook – log in or sign up]
at testng.Testcase1.tc1(Testcase1.java:42)
at java.base/java.util.ArrayList.forEach(ArrayList.java:1511)
... Removed 29 stack frames]]>
    </failure>
  </testcase> <!-- tc1 -->
  <testcase classname="testng.Testcase2" name="tc2" time="6.961"/>
  <testcase classname="testng.Testcase3" name="tc3" time="13.331"/>
</testsuite> <!-- Test -->
